Performing C++ SOURCE FILE Test COMPILER_KNOWS_STDLIB failed with the following output:
Change Dir: /home/vitorsubhi/backup/Documentos/Collapser/Client/build/CMakeFiles/CMakeTmp

Run Build Command:"/usr/bin/make" "cmTC_21365/fast"
/usr/bin/make -f CMakeFiles/cmTC_21365.dir/build.make CMakeFiles/cmTC_21365.dir/build
make[1]: Entering directory '/home/vitorsubhi/backup/Documentos/Collapser/Client/build/CMakeFiles/CMakeTmp'
Building CXX object CMakeFiles/cmTC_21365.dir/src.cxx.o
/usr/bin/c++     -std=c++11 -DCOMPILER_KNOWS_STDLIB   -stdlib=libc++ -o CMakeFiles/cmTC_21365.dir/src.cxx.o -c /home/vitorsubhi/backup/Documentos/Collapser/Client/build/CMakeFiles/CMakeTmp/src.cxx
c++: error: unrecognized command line option '-stdlib=libc++'
CMakeFiles/cmTC_21365.dir/build.make:65: recipe for target 'CMakeFiles/cmTC_21365.dir/src.cxx.o' failed
make[1]: *** [CMakeFiles/cmTC_21365.dir/src.cxx.o] Error 1
make[1]: Leaving directory '/home/vitorsubhi/backup/Documentos/Collapser/Client/build/CMakeFiles/CMakeTmp'
Makefile:126: recipe for target 'cmTC_21365/fast' failed
make: *** [cmTC_21365/fast] Error 2

Source file was:
int main() { return 0; }
Determining if the pthread_create exist failed with the following output:
Change Dir: /home/vitorsubhi/backup/Documentos/Collapser/Client/build/CMakeFiles/CMakeTmp

Run Build Command:"/usr/bin/make" "cmTC_029a8/fast"
/usr/bin/make -f CMakeFiles/cmTC_029a8.dir/build.make CMakeFiles/cmTC_029a8.dir/build
make[1]: Entering directory '/home/vitorsubhi/backup/Documentos/Collapser/Client/build/CMakeFiles/CMakeTmp'
Building C object CMakeFiles/cmTC_029a8.dir/CheckSymbolExists.c.o
/usr/bin/cc     -o CMakeFiles/cmTC_029a8.dir/CheckSymbolExists.c.o   -c /home/vitorsubhi/backup/Documentos/Collapser/Client/build/CMakeFiles/CMakeTmp/CheckSymbolExists.c
Linking C executable cmTC_029a8
/usr/bin/cmake -E cmake_link_script CMakeFiles/cmTC_029a8.dir/link.txt --verbose=1
/usr/bin/cc       CMakeFiles/cmTC_029a8.dir/CheckSymbolExists.c.o  -o cmTC_029a8 -rdynamic 
CMakeFiles/cmTC_029a8.dir/CheckSymbolExists.c.o: In function `main':
CheckSymbolExists.c:(.text+0x1b): undefined reference to `pthread_create'
collect2: error: ld returned 1 exit status
CMakeFiles/cmTC_029a8.dir/build.make:97: recipe for target 'cmTC_029a8' failed
make[1]: *** [cmTC_029a8] Error 1
make[1]: Leaving directory '/home/vitorsubhi/backup/Documentos/Collapser/Client/build/CMakeFiles/CMakeTmp'
Makefile:126: recipe for target 'cmTC_029a8/fast' failed
make: *** [cmTC_029a8/fast] Error 2

File /home/vitorsubhi/backup/Documentos/Collapser/Client/build/CMakeFiles/CMakeTmp/CheckSymbolExists.c:
/* */
#include <pthread.h>

int main(int argc, char** argv)
{
  (void)argv;
#ifndef pthread_create
  return ((int*)(&pthread_create))[argc];
#else
  (void)argc;
  return 0;
#endif
}

Determining if the function pthread_create exists in the pthreads failed with the following output:
Change Dir: /home/vitorsubhi/backup/Documentos/Collapser/Client/build/CMakeFiles/CMakeTmp

Run Build Command:"/usr/bin/make" "cmTC_99656/fast"
/usr/bin/make -f CMakeFiles/cmTC_99656.dir/build.make CMakeFiles/cmTC_99656.dir/build
make[1]: Entering directory '/home/vitorsubhi/backup/Documentos/Collapser/Client/build/CMakeFiles/CMakeTmp'
Building C object CMakeFiles/cmTC_99656.dir/CheckFunctionExists.c.o
/usr/bin/cc    -DCHECK_FUNCTION_EXISTS=pthread_create   -o CMakeFiles/cmTC_99656.dir/CheckFunctionExists.c.o   -c /usr/share/cmake-3.7/Modules/CheckFunctionExists.c
Linking C executable cmTC_99656
/usr/bin/cmake -E cmake_link_script CMakeFiles/cmTC_99656.dir/link.txt --verbose=1
/usr/bin/cc   -DCHECK_FUNCTION_EXISTS=pthread_create    CMakeFiles/cmTC_99656.dir/CheckFunctionExists.c.o  -o cmTC_99656 -rdynamic -lpthreads 
/usr/bin/ld: cannot find -lpthreads
collect2: error: ld returned 1 exit status
CMakeFiles/cmTC_99656.dir/build.make:97: recipe for target 'cmTC_99656' failed
make[1]: *** [cmTC_99656] Error 1
make[1]: Leaving directory '/home/vitorsubhi/backup/Documentos/Collapser/Client/build/CMakeFiles/CMakeTmp'
Makefile:126: recipe for target 'cmTC_99656/fast' failed
make: *** [cmTC_99656/fast] Error 2


